生成启动时间为 2017/2/27 16:14:24。
     1>项目“D:\code\a\a\a\a.vcxproj”在节点 2 上(Build 个目标)。
     1>ClCompile:
         C:\software\VS2013\VC\bin\CL.exe /c /ZI /nologo /W3 /WX- /sdl /Od /Oy- /D WIN32 /D _DEBUG /D _CONSOLE /D _LIB /D _UNICODE /D UNICODE /Gm /EHsc /RTC1 /MDd /GS /fp:precise /Zc:wchar_t /Zc:forScope /Fo"Debug\\" /Fd"Debug\vc120.pdb" /Gd /TP /analyze- /errorReport:prompt a.cpp
         a.cpp
     1>d:\code\a\a\a\a.cpp(13): error C2679: 二进制“>>”: 没有找到接受“const char [23]”类型的右操作数的运算符(或没有可接受的转换)
                 c:\software\vs2013\vc\include\istream(485): 可能是“std::basic_istream<char,std::char_traits<char>> &std::basic_istream<char,std::char_traits<char>>::operator >>(std::basic_streambuf<char,std::char_traits<char>> *)”
                 c:\software\vs2013\vc\include\istream(466): 或       “std::basic_istream<char,std::char_traits<char>> &std::basic_istream<char,std::char_traits<char>>::operator >>(void *&)”
                 c:\software\vs2013\vc\include\istream(448): 或       “std::basic_istream<char,std::char_traits<char>> &std::basic_istream<char,std::char_traits<char>>::operator >>(long double &)”
                 c:\software\vs2013\vc\include\istream(430): 或       “std::basic_istream<char,std::char_traits<char>> &std::basic_istream<char,std::char_traits<char>>::operator >>(double &)”
                 c:\software\vs2013\vc\include\istream(411): 或       “std::basic_istream<char,std::char_traits<char>> &std::basic_istream<char,std::char_traits<char>>::operator >>(float &)”
                 c:\software\vs2013\vc\include\istream(392): 或       “std::basic_istream<char,std::char_traits<char>> &std::basic_istream<char,std::char_traits<char>>::operator >>(unsigned __int64 &)”
                 c:\software\vs2013\vc\include\istream(373): 或       “std::basic_istream<char,std::char_traits<char>> &std::basic_istream<char,std::char_traits<char>>::operator >>(__int64 &)”
                 c:\software\vs2013\vc\include\istream(353): 或       “std::basic_istream<char,std::char_traits<char>> &std::basic_istream<char,std::char_traits<char>>::operator >>(unsigned long &)”
                 c:\software\vs2013\vc\include\istream(335): 或       “std::basic_istream<char,std::char_traits<char>> &std::basic_istream<char,std::char_traits<char>>::operator >>(long &)”
                 c:\software\vs2013\vc\include\istream(317): 或       “std::basic_istream<char,std::char_traits<char>> &std::basic_istream<char,std::char_traits<char>>::operator >>(unsigned int &)”
                 c:\software\vs2013\vc\include\istream(291): 或       “std::basic_istream<char,std::char_traits<char>> &std::basic_istream<char,std::char_traits<char>>::operator >>(int &)”
                 c:\software\vs2013\vc\include\istream(272): 或       “std::basic_istream<char,std::char_traits<char>> &std::basic_istream<char,std::char_traits<char>>::operator >>(unsigned short &)”
                 c:\software\vs2013\vc\include\istream(237): 或       “std::basic_istream<char,std::char_traits<char>> &std::basic_istream<char,std::char_traits<char>>::operator >>(short &)”
                 c:\software\vs2013\vc\include\istream(218): 或       “std::basic_istream<char,std::char_traits<char>> &std::basic_istream<char,std::char_traits<char>>::operator >>(std::_Bool &)”
                 c:\software\vs2013\vc\include\istream(211): 或       “std::basic_istream<char,std::char_traits<char>> &std::basic_istream<char,std::char_traits<char>>::operator >>(std::ios_base &(__cdecl *)(std::ios_base &))”
                 c:\software\vs2013\vc\include\istream(204): 或       “std::basic_istream<char,std::char_traits<char>> &std::basic_istream<char,std::char_traits<char>>::operator >>(std::basic_ios<char,std::char_traits<char>> &(__cdecl *)(std::basic_ios<char,std::char_traits<char>> &))”
                 c:\software\vs2013\vc\include\istream(198): 或       “std::basic_istream<char,std::char_traits<char>> &std::basic_istream<char,std::char_traits<char>>::operator >>(std::basic_istream<char,std::char_traits<char>> &(__cdecl *)(std::basic_istream<char,std::char_traits<char>> &))”
                 c:\software\vs2013\vc\include\istream(1103): 或       “std::basic_istream<char,std::char_traits<char>> &std::operator >><char,std::char_traits<char>,const char[23]>(std::basic_istream<char,std::char_traits<char>> &&,_Ty (&))”
                 with
                 [
                     _Ty=const char [23]
                 ]
                 c:\software\vs2013\vc\include\istream(1093): 或       “std::basic_istream<char,std::char_traits<char>> &std::operator >><std::char_traits<char>>(std::basic_istream<char,std::char_traits<char>> &,unsigned char &)”
                 c:\software\vs2013\vc\include\istream(1086): 或       “std::basic_istream<char,std::char_traits<char>> &std::operator >><std::char_traits<char>>(std::basic_istream<char,std::char_traits<char>> &,unsigned char *)”
                 c:\software\vs2013\vc\include\istream(1079): 或       “std::basic_istream<char,std::char_traits<char>> &std::operator >><std::char_traits<char>>(std::basic_istream<char,std::char_traits<char>> &,signed char &)”
                 c:\software\vs2013\vc\include\istream(1072): 或       “std::basic_istream<char,std::char_traits<char>> &std::operator >><std::char_traits<char>>(std::basic_istream<char,std::char_traits<char>> &,signed char *)”
                 尝试匹配参数列表“(std::istream, const char [23])”时
     1>已完成生成项目“D:\code\a\a\a\a.vcxproj”(Build 个目标)的操作 - 失败。

生成失败。

已用时间 00:00:00.25
